<?xml version="1.0" encoding="UTF-8"?>
<testng-results ignored="0" total="1" passed="0" failed="1" skipped="0">
  <reporter-output>
  </reporter-output>
  <suite started-at="2022-04-10T16:16:15 IST" name="Suite" finished-at="2022-04-10T16:16:26 IST" duration-ms="10825">
    <groups>
      <group name="Sanity">
        <method signature="LoginPageTest.loginTest(java.lang.String, java.lang.String)[pri:0, instance:com.hemsweb.testcases.LoginPageTest@1ba9117e]" name="loginTest" class="com.hemsweb.testcases.LoginPageTest"/>
      </group> <!-- Sanity -->
      <group name="Smoke">
        <method signature="LoginPageTest.loginTest(java.lang.String, java.lang.String)[pri:0, instance:com.hemsweb.testcases.LoginPageTest@1ba9117e]" name="loginTest" class="com.hemsweb.testcases.LoginPageTest"/>
      </group> <!-- Smoke -->
    </groups>
    <test started-at="2022-04-10T16:16:15 IST" name="Test_All" finished-at="2022-04-10T16:16:26 IST" duration-ms="10825">
      <class name="com.hemsweb.testcases.LoginPageTest">
        <test-method is-config="true" signature="loadConfig()[pri:0, instance:com.hemsweb.testcases.LoginPageTest@1ba9117e]" started-at="2022-04-10T16:16:15 IST" name="loadConfig" finished-at="2022-04-10T16:16:15 IST" duration-ms="210" status="PASS">
          <reporter-output>
          </reporter-output>
        </test-method> <!-- loadConfig -->
        <test-method is-config="true" signature="setup(java.lang.String)[pri:0, instance:com.hemsweb.testcases.LoginPageTest@1ba9117e]" started-at="2022-04-10T16:16:16 IST" name="setup" finished-at="2022-04-10T16:16:25 IST" duration-ms="9191" status="PASS">
          <params>
            <param index="0">
              <value>
                <![CDATA[Chrome]]>
              </value>
            </param>
          </params>
          <reporter-output>
          </reporter-output>
        </test-method> <!-- setup -->
        <test-method signature="loginTest(java.lang.String, java.lang.String)[pri:0, instance:com.hemsweb.testcases.LoginPageTest@1ba9117e]" started-at="2022-04-10T16:16:25 IST" name="loginTest" data-provider="credentials" finished-at="2022-04-10T16:16:25 IST" duration-ms="14" status="FAIL">
          <params>
            <param index="0">
              <value>
                <![CDATA[admin]]>
              </value>
            </param>
            <param index="1">
              <value>
                <![CDATA[super]]>
              </value>
            </param>
          </params>
          <exception class="java.lang.NullPointerException">
            <message>
              <![CDATA[Cannot invoke "com.hemsweb.pageobjects.LoginPage.login(String, String, com.hemsweb.pageobjects.DashboardPage)" because "this.loginPage" is null]]>
            </message>
            <full-stacktrace>
              <![CDATA[java.lang.NullPointerException: Cannot invoke "com.hemsweb.pageobjects.LoginPage.login(String, String, com.hemsweb.pageobjects.DashboardPage)" because "this.loginPage" is null
at com.hemsweb.testcases.LoginPageTest.loginTest(LoginPageTest.java:40)
at java.base/jdk.internal.reflect.NativeMethodAccessorImpl.invoke0(Native Method)
at java.base/jdk.internal.reflect.NativeMethodAccessorImpl.invoke(NativeMethodAccessorImpl.java:64)
at java.base/jdk.internal.reflect.DelegatingMethodAccessorImpl.invoke(DelegatingMethodAccessorImpl.java:43)
at java.base/java.lang.reflect.Method.invoke(Method.java:564)
at org.testng.internal.MethodInvocationHelper.invokeMethod(MethodInvocationHelper.java:134)
at org.testng.internal.TestInvoker.invokeMethod(TestInvoker.java:597)
at org.testng.internal.TestInvoker.invokeTestMethod(TestInvoker.java:173)
at org.testng.internal.MethodRunner.runInSequence(MethodRunner.java:46)
at org.testng.internal.TestInvoker$MethodInvocationAgent.invoke(TestInvoker.java:816)
at org.testng.internal.TestInvoker.invokeTestMethods(TestInvoker.java:146)
at org.testng.internal.TestMethodWorker.invokeTestMethods(TestMethodWorker.java:146)
at org.testng.internal.TestMethodWorker.run(TestMethodWorker.java:128)
at java.base/java.util.ArrayList.forEach(ArrayList.java:1511)
at org.testng.TestRunner.privateRun(TestRunner.java:766)
at org.testng.TestRunner.run(TestRunner.java:587)
at org.testng.SuiteRunner.runTest(SuiteRunner.java:384)
at org.testng.SuiteRunner.runSequentially(SuiteRunner.java:378)
at org.testng.SuiteRunner.privateRun(SuiteRunner.java:337)
at org.testng.SuiteRunner.run(SuiteRunner.java:286)
at org.testng.SuiteRunnerWorker.runSuite(SuiteRunnerWorker.java:53)
at org.testng.SuiteRunnerWorker.run(SuiteRunnerWorker.java:96)
at org.testng.TestNG.runSuitesSequentially(TestNG.java:1187)
at org.testng.TestNG.runSuitesLocally(TestNG.java:1109)
at org.testng.TestNG.runSuites(TestNG.java:1039)
at org.testng.TestNG.run(TestNG.java:1007)
at org.testng.remote.AbstractRemoteTestNG.run(AbstractRemoteTestNG.java:115)
at org.testng.remote.RemoteTestNG.initAndRun(RemoteTestNG.java:251)
at org.testng.remote.RemoteTestNG.main(RemoteTestNG.java:77)
]]>
            </full-stacktrace>
          </exception> <!-- java.lang.NullPointerException -->
          <reporter-output>
          </reporter-output>
        </test-method> <!-- loginTest -->
        <test-method is-config="true" signature="tearDown()[pri:0, instance:com.hemsweb.testcases.LoginPageTest@1ba9117e]" started-at="2022-04-10T16:16:25 IST" name="tearDown" finished-at="2022-04-10T16:16:26 IST" duration-ms="992" status="PASS">
          <reporter-output>
          </reporter-output>
        </test-method> <!-- tearDown -->
        <test-method is-config="true" signature="afterSuite()[pri:0, instance:com.hemsweb.testcases.LoginPageTest@1ba9117e]" started-at="2022-04-10T16:16:26 IST" name="afterSuite" finished-at="2022-04-10T16:16:27 IST" duration-ms="276" status="PASS">
          <reporter-output>
          </reporter-output>
        </test-method> <!-- afterSuite -->
      </class> <!-- com.hemsweb.testcases.LoginPageTest -->
    </test> <!-- Test_All -->
  </suite> <!-- Suite -->
</testng-results>
